<?xml version="1.0" encoding="UTF-8"?>
<testsuite xmlns:xsi="http://www.w3.org/2001/XMLSchema-instance" xsi:noNamespaceSchemaLocation="https://maven.apache.org/surefire/maven-surefire-plugin/xsd/surefire-test-report-3.0.xsd" version="3.0" name="com.TrabajoFinalJMFIT.TrabajoFinalApplicationTests" time="7.652" tests="1" errors="0" skipped="0" failures="0">
  <properties>
[...]
</properties>
  <testcase name="contextLoads" classname="com.TrabajoFinalJMFIT.TrabajoFinalApplicationTests" time="0.964">
    <system-out><![CDATA[21:32:27.546 [main] INFO org.springframework.test.context.support.AnnotationConfigContextLoaderUtils -- Could not detect default configuration classes for test class [com.TrabajoFinalJMFIT.TrabajoFinalApplicationTests]: TrabajoFinalApplicationTests does not declare any static, non-private, non-final, nested classes annotated with @Configuration.
21:32:27.692 [main] INFO org.springframework.boot.test.context.SpringBootTestContextBootstrapper -- Found @SpringBootConfiguration com.TrabajoFinalJMFIT.TrabajoFinalJMFITApplication for test class com.TrabajoFinalJMFIT.TrabajoFinalApplicationTests

  .   ____          _            __ _ _
 /\\ / ___'_ __ _ _(_)_ __  __ _ \ \ \ \
( ( )\___ | '_ | '_| | '_ \/ _` | \ \ \ \
 \\/  ___)| |_)| | | | | || (_| |  ) ) ) )
  '  |____| .__|_| |_|_| |_\__, | / / / /
 =========|_|==============|___/=/_/_/_/
 :: Spring Boot ::                (v3.1.4)

2024-05-31T21:32:28.177-05:00  INFO 6100 --- [           main] c.T.TrabajoFinalApplicationTests         : Starting TrabajoFinalApplicationTests using Java 17.0.11 with PID 6100 (started by jhono in C:\Users\jhono\Downloads\TrabajoFinal)
2024-05-31T21:32:28.179-05:00  INFO 6100 --- [           main] c.T.TrabajoFinalApplicationTests         : No active profile set, falling back to 1 default profile: "default"
2024-05-31T21:32:29.055-05:00  INFO 6100 --- [           main] .s.d.r.c.RepositoryConfigurationDelegate : Bootstrapping Spring Data MongoDB repositories in DEFAULT mode.
2024-05-31T21:32:29.112-05:00  INFO 6100 --- [           main] .s.d.r.c.RepositoryConfigurationDelegate : Finished Spring Data repository scanning in 52 ms. Found 2 MongoDB repository interfaces.
2024-05-31T21:32:32.191-05:00  INFO 6100 --- [           main] org.mongodb.driver.client                : MongoClient with metadata {"driver": {"name": "mongo-java-driver|sync|spring-boot", "version": "4.9.1"}, "os": {"type": "Windows", "name": "Windows 11", "architecture": "amd64", "version": "10.0"}, "platform": "Java/Eclipse Adoptium/17.0.11+9"} created with settings MongoClientSettings{readPreference=primary, writeConcern=WriteConcern{w=null, wTimeout=null ms, journal=null}, retryWrites=true, retryReads=true, readConcern=ReadConcern{level=null}, credential=MongoCredential{mechanism=null, userName='JhonDiaz', source='admin', password=<hidden>, mechanismProperties=<hidden>}, streamFactoryFactory=null, commandListeners=[], codecRegistry=ProvidersCodecRegistry{codecProviders=[ValueCodecProvider{}, BsonValueCodecProvider{}, DBRefCodecProvider{}, DBObjectCodecProvider{}, DocumentCodecProvider{}, CollectionCodecProvider{}, IterableCodecProvider{}, MapCodecProvider{}, GeoJsonCodecProvider{}, GridFSFileCodecProvider{}, Jsr310CodecProvider{}, JsonObjectCodecProvider{}, BsonCodecProvider{}, EnumCodecProvider{}, com.mongodb.client.model.mql.ExpressionCodecProvider@6f8e9d06, com.mongodb.Jep395RecordCodecProvider@77d381e6]}, loggerSettings=LoggerSettings{maxDocumentLength=1000}, clusterSettings={hosts=[127.0.0.1:27017], srvHost=pcjhon.jhvm2rm.mongodb.net, srvServiceName=mongodb, mode=MULTIPLE, requiredClusterType=REPLICA_SET, requiredReplicaSetName='atlas-2hym5h-shard-0', serverSelector='null', clusterListeners='[]', serverSelectionTimeout='30000 ms', localThreshold='30000 ms'}, socketSettings=SocketSettings{connectTimeoutMS=10000, readTimeoutMS=0, receiveBufferSize=0, sendBufferSize=0}, heartbeatSocketSettings=SocketSettings{connectTimeoutMS=10000, readTimeoutMS=10000, receiveBufferSize=0, sendBufferSize=0}, connectionPoolSettings=ConnectionPoolSettings{maxSize=100, minSize=0, maxWaitTimeMS=120000, maxConnectionLifeTimeMS=0, maxConnectionIdleTimeMS=0, maintenanceInitialDelayMS=0, maintenanceFrequencyMS=60000, connectionPoolListeners=[], maxConnecting=2}, serverSettings=ServerSettings{heartbeatFrequencyMS=10000, minHeartbeatFrequencyMS=500, serverListeners='[]', serverMonitorListeners='[]'}, sslSettings=SslSettings{enabled=true, invalidHostNameAllowed=false, context=null}, applicationName='null', compressorList=[], uuidRepresentation=JAVA_LEGACY, serverApi=null, autoEncryptionSettings=null, contextProvider=null}
2024-05-31T21:32:32.260-05:00  INFO 6100 --- [2rm.mongodb.net] org.mongodb.driver.cluster               : Adding discovered server ac-itjadiq-shard-00-02.jhvm2rm.mongodb.net:27017 to client view of cluster
2024-05-31T21:32:32.302-05:00  INFO 6100 --- [2rm.mongodb.net] org.mongodb.driver.cluster               : Adding discovered server ac-itjadiq-shard-00-01.jhvm2rm.mongodb.net:27017 to client view of cluster
2024-05-31T21:32:32.304-05:00  INFO 6100 --- [2rm.mongodb.net] org.mongodb.driver.cluster               : Adding discovered server ac-itjadiq-shard-00-00.jhvm2rm.mongodb.net:27017 to client view of cluster
2024-05-31T21:32:33.246-05:00  INFO 6100 --- [ngodb.net:27017] org.mongodb.driver.cluster               : Monitor thread successfully connected to server with description ServerDescription{address=ac-itjadiq-shard-00-01.jhvm2rm.mongodb.net:27017, type=REPLICA_SET_SECONDARY, state=CONNECTED, ok=true, minWireVersion=0, maxWireVersion=21, maxDocumentSize=16777216, logicalSessionTimeoutMinutes=30, roundTripTimeNanos=552622200, setName='atlas-2hym5h-shard-0', canonicalAddress=ac-itjadiq-shard-00-01.jhvm2rm.mongodb.net:27017, hosts=[ac-itjadiq-shard-00-00.jhvm2rm.mongodb.net:27017, ac-itjadiq-shard-00-01.jhvm2rm.mongodb.net:27017, ac-itjadiq-shard-00-02.jhvm2rm.mongodb.net:27017], passives=[], arbiters=[], primary='ac-itjadiq-shard-00-02.jhvm2rm.mongodb.net:27017', tagSet=TagSet{[Tag{name='availabilityZone', value='use1-az1'}, Tag{name='diskState', value='READY'}, Tag{name='nodeType', value='ELECTABLE'}, Tag{name='provider', value='AWS'}, Tag{name='region', value='US_EAST_1'}, Tag{name='workloadType', value='OPERATIONAL'}]}, electionId=null, setVersion=66, topologyVersion=TopologyVersion{processId=6659cdba9fd88465b9282fd5, counter=3}, lastWriteDate=Fri May 31 21:32:31 COT 2024, lastUpdateTimeNanos=265773061658900}
2024-05-31T21:32:33.246-05:00  INFO 6100 --- [ngodb.net:27017] org.mongodb.driver.cluster               : Monitor thread successfully connected to server with description ServerDescription{address=ac-itjadiq-shard-00-00.jhvm2rm.mongodb.net:27017, type=REPLICA_SET_SECONDARY, state=CONNECTED, ok=true, minWireVersion=0, maxWireVersion=21, maxDocumentSize=16777216, logicalSessionTimeoutMinutes=30, roundTripTimeNanos=550854400, setName='atlas-2hym5h-shard-0', canonicalAddress=ac-itjadiq-shard-00-00.jhvm2rm.mongodb.net:27017, hosts=[ac-itjadiq-shard-00-00.jhvm2rm.mongodb.net:27017, ac-itjadiq-shard-00-01.jhvm2rm.mongodb.net:27017, ac-itjadiq-shard-00-02.jhvm2rm.mongodb.net:27017], passives=[], arbiters=[], primary='ac-itjadiq-shard-00-02.jhvm2rm.mongodb.net:27017', tagSet=TagSet{[Tag{name='availabilityZone', value='use1-az6'}, Tag{name='diskState', value='READY'}, Tag{name='nodeType', value='ELECTABLE'}, Tag{name='provider', value='AWS'}, Tag{name='region', value='US_EAST_1'}, Tag{name='workloadType', value='OPERATIONAL'}]}, electionId=null, setVersion=66, topologyVersion=TopologyVersion{processId=6659cc91efb147b6ac46154d, counter=4}, lastWriteDate=Fri May 31 21:32:31 COT 2024, lastUpdateTimeNanos=265773061658900}
2024-05-31T21:32:33.276-05:00  INFO 6100 --- [ngodb.net:27017] org.mongodb.driver.cluster               : Monitor thread successfully connected to server with description ServerDescription{address=ac-itjadiq-shard-00-02.jhvm2rm.mongodb.net:27017, type=REPLICA_SET_PRIMARY, state=CONNECTED, ok=true, minWireVersion=0, maxWireVersion=21, maxDocumentSize=16777216, logicalSessionTimeoutMinutes=30, roundTripTimeNanos=603904200, setName='atlas-2hym5h-shard-0', canonicalAddress=ac-itjadiq-shard-00-02.jhvm2rm.mongodb.net:27017, hosts=[ac-itjadiq-shard-00-00.jhvm2rm.mongodb.net:27017, ac-itjadiq-shard-00-01.jhvm2rm.mongodb.net:27017, ac-itjadiq-shard-00-02.jhvm2rm.mongodb.net:27017], passives=[], arbiters=[], primary='ac-itjadiq-shard-00-02.jhvm2rm.mongodb.net:27017', tagSet=TagSet{[Tag{name='availabilityZone', value='use1-az2'}, Tag{name='diskState', value='READY'}, Tag{name='nodeType', value='ELECTABLE'}, Tag{name='provider', value='AWS'}, Tag{name='region', value='US_EAST_1'}, Tag{name='workloadType', value='OPERATIONAL'}]}, electionId=7fffffff000000000000035f, setVersion=66, topologyVersion=TopologyVersion{processId=6659cb68d2a04b6422e43953, counter=6}, lastWriteDate=Fri May 31 21:32:31 COT 2024, lastUpdateTimeNanos=265773108430200}
2024-05-31T21:32:33.276-05:00  INFO 6100 --- [ngodb.net:27017] org.mongodb.driver.cluster               : Discovered replica set primary ac-itjadiq-shard-00-02.jhvm2rm.mongodb.net:27017 with max election id 7fffffff000000000000035f and max set version 66
2024-05-31T21:32:33.555-05:00  INFO 6100 --- [           main] o.s.b.a.w.s.WelcomePageHandlerMapping    : Adding welcome page template: index
2024-05-31T21:32:34.006-05:00  INFO 6100 --- [           main] c.T.TrabajoFinalApplicationTests         : Started TrabajoFinalApplicationTests in 6.152 seconds (process running for 7.583)
]]></system-out>
  </testcase>
</testsuite>